1510786197863	geckodriver	INFO	geckodriver 0.19.1
1510786197866	geckodriver	INFO	Listening on 127.0.0.1:59299
1510786198999	mozrunner::runner	INFO	Running command: "/usr/bin/firefox" "-marionette" "-profile" "/tmp/rust_mozprofile.baNTYAbeh7K2"
1510786199766	Marionette	INFO	Listening on port 2828
1510786257011	geckodriver	INFO	geckodriver 0.19.1
1510786257014	geckodriver	INFO	Listening on 127.0.0.1:51455
1510786258139	mozrunner::runner	INFO	Running command: "/usr/bin/firefox" "-marionette" "-profile" "/tmp/rust_mozprofile.cFl2Tw6Uf3Cy"
1510786258887	Marionette	INFO	Listening on port 2828
1510865921681	geckodriver	INFO	geckodriver 0.19.1
1510865921688	geckodriver	INFO	Listening on 127.0.0.1:46055
1510865922843	mozrunner::runner	INFO	Running command: "/usr/bin/firefox" "-marionette" "-profile" "/tmp/rust_mozprofile.8NGcjv3vp2Zy"
1510865923714	Marionette	INFO	Listening on port 2828
[Parent 12318] WARNING: waitpid failed pid:12381 errno:10: file /build/firefox-esr-52.5.0esr/ipc/chromium/src/base/process_util_posix.cc, line 268
1510866016364	geckodriver	INFO	geckodriver 0.19.1
1510866016367	geckodriver	INFO	Listening on 127.0.0.1:38667
1510866017503	mozrunner::runner	INFO	Running command: "/usr/bin/firefox" "-marionette" "-profile" "/tmp/rust_mozprofile.EbEjY7mD6TaR"
1510866018321	Marionette	INFO	Listening on port 2828
1510866130686	geckodriver	INFO	geckodriver 0.19.1
1510866130691	geckodriver	INFO	Listening on 127.0.0.1:57721
1510866131836	mozrunner::runner	INFO	Running command: "/usr/bin/firefox" "-marionette" "-profile" "/tmp/rust_mozprofile.Pn0LcEi9CRNp"
1510866132614	Marionette	INFO	Listening on port 2828
1510866273660	geckodriver	INFO	geckodriver 0.19.1
1510866273664	geckodriver	INFO	Listening on 127.0.0.1:55501
1510866274799	mozrunner::runner	INFO	Running command: "/usr/bin/firefox" "-marionette" "-profile" "/tmp/rust_mozprofile.kFfkZVfoNg5d"
1510866275635	Marionette	ERROR	Error on starting server: [Exception... "Component returned failure code: 0x804b0036 (NS_ERROR_SOCKET_ADDRESS_IN_USE) [nsIServerSocket.initSpecialConnection]"  nsresult: "0x804b0036 (NS_ERROR_SOCKET_ADDRESS_IN_USE)"  location: "JS frame :: chrome://marionette/content/server.js :: MarionetteServer.prototype.start :: line 95"  data: no]
[Exception... "Component returned failure code: 0x804b0036 (NS_ERROR_SOCKET_ADDRESS_IN_USE) [nsIServerSocket.initSpecialConnection]"  nsresult: "0x804b0036 (NS_ERROR_SOCKET_ADDRESS_IN_USE)"  location: "JS frame :: chrome://marionette/content/server.js :: MarionetteServer.prototype.start :: line 95"  data: no]
MarionetteServer.prototype.start@chrome://marionette/content/server.js:95:19
MarionetteComponent.prototype.init@resource://gre/components/marionette.js:217:5
MarionetteComponent.prototype.handle@resource://gre/components/marionette.js:112:5

1510866306824	geckodriver	INFO	geckodriver 0.19.1
1510866306827	geckodriver	INFO	Listening on 127.0.0.1:53121
1510866307961	mozrunner::runner	INFO	Running command: "/usr/bin/firefox" "-marionette" "-profile" "/tmp/rust_mozprofile.Fp1aL37eBJbx"
1510866308734	Marionette	ERROR	Error on starting server: [Exception... "Component returned failure code: 0x804b0036 (NS_ERROR_SOCKET_ADDRESS_IN_USE) [nsIServerSocket.initSpecialConnection]"  nsresult: "0x804b0036 (NS_ERROR_SOCKET_ADDRESS_IN_USE)"  location: "JS frame :: chrome://marionette/content/server.js :: MarionetteServer.prototype.start :: line 95"  data: no]
[Exception... "Component returned failure code: 0x804b0036 (NS_ERROR_SOCKET_ADDRESS_IN_USE) [nsIServerSocket.initSpecialConnection]"  nsresult: "0x804b0036 (NS_ERROR_SOCKET_ADDRESS_IN_USE)"  location: "JS frame :: chrome://marionette/content/server.js :: MarionetteServer.prototype.start :: line 95"  data: no]
MarionetteServer.prototype.start@chrome://marionette/content/server.js:95:19
MarionetteComponent.prototype.init@resource://gre/components/marionette.js:217:5
MarionetteComponent.prototype.handle@resource://gre/components/marionette.js:112:5

[Child 13501] ###!!! ABORT: Aborting on channel error.: file /build/firefox-esr-52.5.0esr/ipc/glue/MessageChannel.cpp, line 2152
[Child 13501] ###!!! ABORT: Aborting on channel error.: file /build/firefox-esr-52.5.0esr/ipc/glue/MessageChannel.cpp, line 2152
*************************
A coding exception was thrown and uncaught in a Task.

Full message: TypeError: NetworkError when attempting to fetch resource.
Full stack: 
*************************
[Parent 12622] WARNING: waitpid failed pid:12690 errno:10: file /build/firefox-esr-52.5.0esr/ipc/chromium/src/base/process_util_posix.cc, line 268
